<?xml version="1.0" encoding="UTF-8"?>
<!-- Generated by org.testng.reporters.JUnitReportReporter -->
<testsuite hostname="VKN-CPU-0145" failures="0" tests="1" name="com.qa.gorest.tests.CircuitTest" time="1.347" errors="0" timestamp="2023-11-07T18:16:00 IST" skipped="0">
  <testcase classname="com.qa.gorest.tests.CircuitTest" name="getCircuitTest" time="1.347"/>
  <system-out/>
</testsuite> <!-- com.qa.gorest.tests.CircuitTest -->
