<?xml version="1.0" encoding="UTF-8"?>
<!-- Generated by org.testng.reporters.JUnitReportReporter -->
<testsuite hostname="DESKTOP-D4GU8M4" failures="0" tests="1" name="com.qa.gorest.tests.GetUserTest" time="1.790" errors="0" timestamp="2023-11-05T19:29:07 IST" skipped="0">
  <testcase classname="com.qa.gorest.tests.GetUserTest" name="getUserWithQueryParamsTest" time="1.790"/>
  <system-out/>
</testsuite> <!-- com.qa.gorest.tests.GetUserTest -->
