<?xml version="1.0" encoding="UTF-8"?>
<!-- Generated by org.testng.reporters.JUnitReportReporter -->
<testsuite hostname="VKN-CPU-0145" failures="0" tests="3" name="com.qa.gorest.tests.CreateUserTest" time="3.299" errors="0" timestamp="2023-11-07T18:16:00 IST" skipped="0">
  <testcase classname="com.qa.gorest.tests.CreateUserTest" name="getAllUsersTest" time="1.213"/>
  <system-out/>
  <testcase classname="com.qa.gorest.tests.CreateUserTest" name="getAllUsersTest" time="1.045"/>
  <system-out/>
  <testcase classname="com.qa.gorest.tests.CreateUserTest" name="getAllUsersTest" time="1.041"/>
  <system-out/>
</testsuite> <!-- com.qa.gorest.tests.CreateUserTest -->
