<?xml version="1.0" encoding="UTF-8"?>
<!-- Generated by org.testng.reporters.JUnitReportReporter -->
<testsuite hostname="VKN-CPU-0145" failures="0" tests="1" name="com.qa.gorest.tests.CircuitTest" time="0.647" errors="0" timestamp="2023-11-06T18:11:28 IST" skipped="0">
  <testcase classname="com.qa.gorest.tests.CircuitTest" name="getCircuitTest" time="0.647"/>
  <system-out/>
</testsuite> <!-- com.qa.gorest.tests.CircuitTest -->
