<?xml version="1.0" encoding="UTF-8"?>
<!-- Generated by org.testng.reporters.JUnitReportReporter -->
<testsuite hostname="VKN-CPU-0145" failures="0" tests="3" name="com.qa.gorest.tests.GetUserTest" time="3.409" errors="0" timestamp="2023-11-07T18:16:00 IST" skipped="0">
  <testcase classname="com.qa.gorest.tests.GetUserTest" name="getUserTest" time="1.048"/>
  <system-out/>
  <testcase classname="com.qa.gorest.tests.GetUserTest" name="getUserWithQueryParamsTest" time="0.589"/>
  <system-out/>
  <testcase classname="com.qa.gorest.tests.GetUserTest" name="getAllUsersTst" time="1.772"/>
  <system-out/>
</testsuite> <!-- com.qa.gorest.tests.GetUserTest -->
